SF:lib\main.dart
DA:18,3
DA:20,0
DA:21,0
DA:22,0
DA:25,0
DA:26,0
DA:30,1
DA:31,1
DA:32,1
DA:33,1
DA:35,1
DA:37,1
DA:39,1
DA:41,1
DA:43,1
DA:45,1
DA:51,1
DA:56,1
DA:58,1
DA:59,1
DA:60,1
DA:61,2
DA:62,1
DA:63,1
DA:64,1
DA:70,1
DA:71,1
DA:73,1
DA:74,1
DA:76,1
DA:78,1
DA:80,1
DA:82,1
DA:85,1
DA:90,1
DA:93,1
DA:94,1
DA:95,1
DA:97,0
DA:98,0
DA:107,1
DA:109,1
DA:111,1
DA:112,1
DA:113,1
DA:115,1
DA:116,1
DA:118,1
DA:120,1
LF:49
LH:42
end_of_record
SF:lib\orchestrators\shopping_orchestrator.dart
DA:17,3
DA:21,2
DA:28,1
DA:35,3
DA:38,1
DA:39,1
DA:40,1
DA:43,1
DA:44,1
DA:48,1
DA:50,2
DA:52,3
DA:53,1
DA:57,3
DA:58,4
DA:59,1
DA:62,1
DA:63,2
DA:67,2
DA:68,1
DA:70,0
DA:71,0
DA:74,0
DA:76,0
DA:81,0
DA:82,0
DA:84,1
DA:87,1
DA:93,3
DA:94,1
DA:95,5
DA:97,1
DA:99,1
DA:100,3
DA:102,1
DA:106,1
DA:107,1
DA:108,2
DA:110,4
DA:111,1
DA:112,3
DA:115,1
DA:116,3
DA:120,2
DA:121,0
DA:122,0
DA:126,1
DA:127,2
DA:128,2
DA:129,1
DA:131,1
DA:134,1
DA:136,3
DA:138,1
DA:139,5
DA:141,3
DA:144,0
DA:145,0
DA:146,0
DA:147,0
LF:60
LH:48
end_of_record
SF:lib\providers\product_provider.dart
DA:24,3
DA:26,2
DA:28,1
DA:31,1
DA:32,1
DA:33,3
DA:34,1
DA:35,1
DA:36,2
DA:39,1
DA:40,1
DA:41,1
DA:45,2
DA:46,6
DA:50,2
DA:54,2
DA:55,2
DA:56,2
DA:57,1
DA:58,1
DA:59,2
DA:61,0
DA:70,1
DA:72,2
DA:73,2
DA:74,2
DA:75,1
DA:76,1
DA:77,2
DA:79,0
LF:30
LH:28
end_of_record
SF:lib\repositories\product_repository.dart
DA:10,1
DA:11,1
DA:12,1
DA:14,1
DA:15,2
DA:18,1
DA:19,2
DA:22,1
DA:23,2
DA:26,1
DA:30,2
LF:11
LH:11
end_of_record
SF:lib\screens\map_screen.dart
DA:16,2
DA:18,0
DA:19,0
DA:25,0
DA:27,0
DA:28,0
DA:31,0
DA:32,0
DA:35,0
DA:36,0
DA:38,0
DA:39,0
DA:40,0
DA:45,0
DA:51,0
DA:55,0
DA:56,0
DA:57,0
DA:58,0
DA:60,0
DA:64,0
DA:65,0
DA:66,0
DA:71,0
DA:72,0
DA:73,0
DA:74,0
DA:80,0
DA:81,0
DA:82,0
DA:83,0
DA:85,0
DA:86,0
DA:87,0
DA:89,0
DA:94,0
DA:95,0
DA:97,0
DA:98,0
DA:99,0
DA:101,0
DA:102,0
DA:103,0
DA:106,0
DA:107,0
DA:114,0
DA:117,0
DA:118,0
DA:119,0
DA:120,0
DA:123,0
DA:124,0
DA:125,0
DA:130,0
DA:134,0
DA:135,0
DA:136,0
DA:137,0
DA:138,0
DA:139,0
DA:141,0
DA:142,0
DA:143,0
DA:146,0
DA:152,0
DA:153,0
DA:155,0
DA:162,0
DA:163,0
DA:170,0
LF:70
LH:1
end_of_record
SF:lib\services\geofence_service.dart
DA:17,3
DA:19,0
DA:21,0
DA:22,0
DA:24,1
DA:26,1
DA:29,1
DA:30,1
DA:34,2
DA:37,0
DA:39,0
DA:40,0
DA:43,1
DA:44,1
DA:45,2
DA:48,1
DA:49,1
DA:50,1
DA:58,0
DA:59,0
DA:61,0
DA:63,0
DA:65,0
DA:67,0
DA:68,0
DA:69,0
DA:70,0
DA:71,0
DA:75,0
DA:76,0
DA:83,0
DA:84,0
DA:85,0
DA:88,0
DA:89,0
DA:93,0
DA:94,0
DA:95,0
DA:96,0
DA:100,0
DA:102,0
DA:103,0
DA:105,0
DA:106,0
DA:111,0
DA:114,0
DA:115,0
DA:119,0
DA:120,0
DA:124,0
DA:128,0
DA:129,0
DA:132,0
DA:133,0
DA:134,0
DA:137,0
DA:140,1
DA:141,1
DA:143,1
DA:144,1
DA:149,0
DA:150,0
DA:155,2
DA:156,2
DA:157,1
DA:160,0
DA:161,0
DA:162,0
DA:165,0
DA:166,0
DA:167,0
DA:168,0
DA:169,0
DA:171,0
LF:74
LH:19
end_of_record
SF:lib\services\location_service.dart
DA:9,3
DA:11,2
DA:13,1
DA:17,0
DA:20,1
DA:21,1
DA:22,2
DA:25,1
DA:26,1
DA:43,1
DA:45,1
DA:46,1
DA:51,2
DA:52,1
DA:53,2
DA:56,1
DA:58,0
DA:59,0
DA:67,1
DA:68,1
DA:69,5
DA:72,1
DA:73,1
DA:76,0
DA:77,0
DA:79,0
DA:84,0
DA:85,0
DA:88,0
DA:91,0
LF:30
LH:20
end_of_record
SF:lib\services\notification_channel_service.dart
DA:23,2
LF:1
LH:1
end_of_record
SF:lib\services\notification_decision_service.dart
DA:23,1
DA:31,1
DA:32,1
DA:36,5
DA:39,0
DA:40,0
DA:44,0
DA:45,0
DA:48,0
DA:49,0
DA:50,0
DA:51,0
DA:52,0
DA:53,0
DA:54,0
DA:57,0
DA:58,0
DA:62,0
DA:63,0
DA:64,0
DA:67,0
DA:69,0
DA:70,0
DA:71,0
DA:75,0
DA:81,0
DA:82,0
DA:83,0
DA:86,0
DA:87,0
DA:89,0
DA:91,0
DA:93,0
DA:100,0
DA:101,0
DA:102,0
DA:105,0
DA:106,0
DA:107,0
DA:108,0
DA:114,0
DA:119,0
LF:42
LH:4
end_of_record
SF:lib\services\notification_service.dart
DA:7,3
DA:9,2
DA:11,1
DA:19,1
DA:23,1
DA:24,1
DA:26,2
DA:27,1
DA:30,1
DA:31,1
DA:32,1
DA:33,1
DA:35,1
DA:48,2
DA:52,0
DA:53,0
DA:54,0
DA:59,1
DA:64,0
DA:65,0
DA:70,1
DA:73,0
DA:78,0
DA:79,0
DA:82,0
DA:83,0
DA:84,0
DA:85,0
DA:93,0
DA:98,0
DA:99,0
DA:105,0
DA:106,0
DA:110,0
DA:111,0
DA:116,0
LF:36
LH:16
end_of_record
SF:lib\screens\home_screen.dart
DA:12,1
DA:14,1
DA:15,1
DA:27,1
DA:29,1
DA:30,1
DA:31,2
DA:33,2
DA:34,0
DA:37,4
DA:38,1
DA:42,1
DA:43,1
DA:44,3
DA:45,1
DA:46,1
DA:49,1
DA:50,1
DA:54,1
DA:55,1
DA:56,3
DA:57,3
DA:65,1
DA:67,2
DA:68,2
DA:69,1
DA:73,1
DA:75,1
DA:77,1
DA:78,1
DA:79,1
DA:80,1
DA:82,1
DA:83,1
DA:85,0
DA:86,0
DA:88,0
DA:94,1
DA:96,1
DA:97,1
DA:98,1
DA:99,1
DA:100,2
DA:108,4
DA:114,1
DA:115,1
DA:117,1
DA:118,1
DA:119,1
DA:120,1
DA:121,1
DA:126,0
DA:127,0
DA:132,1
DA:133,1
DA:134,1
DA:136,1
DA:146,1
DA:149,1
DA:150,1
DA:151,1
DA:153,2
DA:158,1
DA:159,1
DA:160,2
DA:161,1
DA:162,2
DA:163,1
DA:164,2
DA:165,1
DA:167,1
DA:169,1
DA:172,2
DA:174,0
DA:192,1
DA:193,1
DA:194,3
DA:195,0
DA:199,1
DA:201,2
DA:202,1
DA:206,4
DA:207,0
DA:214,1
DA:215,2
DA:218,0
LF:86
LH:76
end_of_record
SF:lib\models\product.dart
DA:7,1
DA:9,1
DA:10,3
DA:13,1
DA:14,3
DA:17,1
DA:18,1
DA:19,1
DA:22,1
DA:23,2
DA:24,3
DA:25,3
DA:26,1
DA:31,0
DA:33,0
LF:15
LH:13
end_of_record
SF:lib\models\shop_location.dart
DA:7,0
DA:9,0
DA:10,0
DA:11,0
DA:12,0
DA:13,0
DA:14,0
LF:7
LH:0
end_of_record
SF:lib\orchestrators\shopping_state.dart
DA:8,1
DA:14,1
DA:19,1
DA:20,1
DA:21,1
DA:22,1
LF:6
LH:6
end_of_record
SF:lib\services\api_service.dart
DA:12,3
DA:14,2
DA:16,1
DA:26,1
DA:27,1
DA:28,0
DA:29,0
DA:32,3
DA:35,4
DA:38,2
DA:41,1
DA:42,2
DA:43,1
DA:44,4
DA:45,2
DA:46,3
DA:48,3
DA:50,2
DA:54,2
DA:55,1
DA:58,0
DA:59,0
DA:60,0
DA:61,0
DA:63,0
DA:65,0
DA:66,0
DA:69,0
DA:70,0
DA:71,0
DA:76,0
DA:78,0
DA:80,0
DA:81,0
DA:89,0
DA:90,0
DA:91,0
DA:93,0
DA:96,0
DA:107,0
DA:108,0
DA:110,0
DA:113,0
DA:115,1
DA:116,1
DA:125,0
DA:139,0
DA:141,0
DA:142,0
LF:49
LH:20
end_of_record
SF:lib\services\database_service.dart
DA:5,3
DA:7,2
DA:9,1
DA:13,1
DA:15,1
DA:16,1
DA:20,1
DA:21,1
DA:22,1
DA:23,2
DA:27,0
DA:28,0
DA:35,1
DA:36,1
DA:37,2
DA:41,1
DA:42,1
DA:43,1
DA:45,3
DA:46,2
DA:50,1
DA:51,1
DA:52,2
LF:23
LH:21
end_of_record
SF:lib\utils\location_utils.dart
DA:5,0
DA:7,0
DA:8,0
DA:9,0
DA:10,0
DA:12,0
DA:13,0
DA:16,0
DA:17,0
DA:18,0
DA:20,0
DA:23,0
DA:24,0
LF:13
LH:0
end_of_record
